# JRE version: Java(TM) SE Runtime Environment (17.0.4.1+1) (build 17.0.4.1+1-LTS-2)
# Java VM: Java HotSpot(TM) 64-Bit Server VM (17.0.4.1+1-LTS-2, mixed mode, sharing, tiered, compressed oops, compressed class ptrs, g1 gc, windows-amd64)
GC Precious Log:
 CPUs: 8 total, 8 available
 Memory: 7908M
 Large Page Support: Disabled
 NUMA Support: Disabled
 Compressed Oops: Enabled (Zero based)
 Heap Region Size: 4M
 Heap Min Capacity: 8M
 Heap Initial Capacity: 124M
 Heap Max Capacity: 4608M
 Pre-touch: Disabled
 Parallel Workers: 8
 Concurrent Workers: 2
 Concurrent Refinement Workers: 8
 Periodic GC: Disabled
Heap:
 garbage-first heap   total 1253376K, used 314121K [0x00000006e0000000, 0x0000000800000000)
  region size 4096K, 3 young (12288K), 3 survivors (12288K)
 Metaspace       used 203609K, committed 207680K, reserved 1228800K
  class space    used 26227K, committed 28160K, reserved 1048576K
GC Heap History (20 events):
Event: 2540.413 GC heap after
{Heap after GC invocations=114 (full 0):
 garbage-first heap   total 1462272K, used 327680K [0x00000006e0000000, 0x0000000800000000)
  region size 4096K, 8 young (32768K), 8 survivors (32768K)
 Metaspace       used 202375K, committed 206336K, reserved 1228800K
  class space    used 26158K, committed 28032K, reserved 1048576K
}
Event: 2719.148 GC heap before
{Heap before GC invocations=115 (full 0):
 garbage-first heap   total 1204224K, used 450560K [0x00000006e0000000, 0x0000000800000000)
  region size 4096K, 36 young (147456K), 8 survivors (32768K)
 Metaspace       used 202447K, committed 206400K, reserved 1228800K
  class space    used 26160K, committed 28032K, reserved 1048576K
}
Event: 2719.239 GC heap after
{Heap after GC invocations=116 (full 0):
 garbage-first heap   total 1204224K, used 301152K [0x00000006e0000000, 0x0000000800000000)
  region size 4096K, 2 young (8192K), 2 survivors (8192K)
 Metaspace       used 202447K, committed 206400K, reserved 1228800K
  class space    used 26160K, committed 28032K, reserved 1048576K
}
Event: 2720.973 GC heap before
{Heap before GC invocations=116 (full 0):
 garbage-first heap   total 1204224K, used 350304K [0x00000006e0000000, 0x0000000800000000)
  region size 4096K, 14 young (57344K), 2 survivors (8192K)
 Metaspace       used 202489K, committed 206464K, reserved 1228800K
  class space    used 26165K, committed 28032K, reserved 1048576K
}
Event: 2721.065 GC heap after
{Heap after GC invocations=117 (full 0):
 garbage-first heap   total 1204224K, used 286027K [0x00000006e0000000, 0x0000000800000000)
  region size 4096K, 2 young (8192K), 2 survivors (8192K)
 Metaspace       used 202489K, committed 206464K, reserved 1228800K
  class space    used 26165K, committed 28032K, reserved 1048576K
}
Event: 2741.583 GC heap before
{Heap before GC invocations=117 (full 0):
 garbage-first heap   total 1204224K, used 413003K [0x00000006e0000000, 0x0000000800000000)
  region size 4096K, 34 young (139264K), 2 survivors (8192K)
 Metaspace       used 202665K, committed 206656K, reserved 1228800K
  class space    used 26176K, committed 28096K, reserved 1048576K
}
Event: 2741.634 GC heap after
{Heap after GC invocations=118 (full 0):
 garbage-first heap   total 1204224K, used 288716K [0x00000006e0000000, 0x0000000800000000)
  region size 4096K, 3 young (12288K), 3 survivors (12288K)
 Metaspace       used 202665K, committed 206656K, reserved 1228800K
  class space    used 26176K, committed 28096K, reserved 1048576K
}
Event: 2880.202 GC heap before
{Heap before GC invocations=119 (full 0):
 garbage-first heap   total 1134592K, used 1058764K [0x00000006e0000000, 0x0000000800000000)
  region size 4096K, 168 young (688128K), 3 survivors (12288K)
 Metaspace       used 203116K, committed 207232K, reserved 1228800K
  class space    used 26220K, committed 28160K, reserved 1048576K
}
Event: 2880.318 GC heap after
{Heap after GC invocations=120 (full 0):
 garbage-first heap   total 1134592K, used 279980K [0x00000006e0000000, 0x0000000800000000)
  region size 4096K, 1 young (4096K), 1 survivors (4096K)
 Metaspace       used 203116K, committed 207232K, reserved 1228800K
  class space    used 26220K, committed 28160K, reserved 1048576K
}
Event: 2881.987 GC heap before
{Heap before GC invocations=120 (full 0):
 garbage-first heap   total 1134592K, used 329132K [0x00000006e0000000, 0x0000000800000000)
  region size 4096K, 13 young (53248K), 1 survivors (4096K)
 Metaspace       used 203142K, committed 207232K, reserved 1228800K
  class space    used 26220K, committed 28160K, reserved 1048576K
}
Event: 2882.059 GC heap after
{Heap after GC invocations=121 (full 0):
 garbage-first heap   total 1134592K, used 275470K [0x00000006e0000000, 0x0000000800000000)
  region size 4096K, 2 young (8192K), 2 survivors (8192K)
 Metaspace       used 203142K, committed 207232K, reserved 1228800K
  class space    used 26220K, committed 28160K, reserved 1048576K
}
Event: 2884.498 GC heap before
{Heap before GC invocations=121 (full 0):
 garbage-first heap   total 1134592K, used 316430K [0x00000006e0000000, 0x0000000800000000)
  region size 4096K, 13 young (53248K), 2 survivors (8192K)
 Metaspace       used 203162K, committed 207232K, reserved 1228800K
  class space    used 26221K, committed 28160K, reserved 1048576K
}
Event: 2884.597 GC heap after
{Heap after GC invocations=122 (full 0):
 garbage-first heap   total 1134592K, used 279246K [0x00000006e0000000, 0x0000000800000000)
  region size 4096K, 2 young (8192K), 2 survivors (8192K)
 Metaspace       used 203162K, committed 207232K, reserved 1228800K
  class space    used 26221K, committed 28160K, reserved 1048576K
}
Event: 3090.402 GC heap before
{Heap before GC invocations=122 (full 0):
 garbage-first heap   total 1134592K, used 467662K [0x00000006e0000000, 0x0000000800000000)
  region size 4096K, 50 young (204800K), 2 survivors (8192K)
 Metaspace       used 203222K, committed 207296K, reserved 1228800K
  class space    used 26221K, committed 28160K, reserved 1048576K
}
Event: 3090.533 GC heap after
{Heap after GC invocations=123 (full 0):
 garbage-first heap   total 1134592K, used 310312K [0x00000006e0000000, 0x0000000800000000)
  region size 4096K, 8 young (32768K), 8 survivors (32768K)
 Metaspace       used 203222K, committed 207296K, reserved 1228800K
  class space    used 26221K, committed 28160K, reserved 1048576K
}
Event: 3861.710 GC heap before
{Heap before GC invocations=124 (full 0):
 garbage-first heap   total 1134592K, used 953384K [0x00000006e0000000, 0x0000000800000000)
  region size 4096K, 160 young (655360K), 8 survivors (32768K)
 Metaspace       used 203512K, committed 207552K, reserved 1228800K
  class space    used 26222K, committed 28160K, reserved 1048576K
}
Event: 3861.936 GC heap after
{Heap after GC invocations=125 (full 0):
 garbage-first heap   total 1134592K, used 313970K [0x00000006e0000000, 0x0000000800000000)
  region size 4096K, 9 young (36864K), 9 survivors (36864K)
 Metaspace       used 203512K, committed 207552K, reserved 1228800K
  class space    used 26222K, committed 28160K, reserved 1048576K
}
Event: 3862.086 GC heap before
{Heap before GC invocations=125 (full 0):
 garbage-first heap   total 1134592K, used 330354K [0x00000006e0000000, 0x0000000800000000)
  region size 4096K, 13 young (53248K), 9 survivors (36864K)
 Metaspace       used 203512K, committed 207552K, reserved 1228800K
  class space    used 26222K, committed 28160K, reserved 1048576K
}
Event: 3862.404 GC heap after
{Heap after GC invocations=126 (full 0):
 garbage-first heap   total 1134592K, used 308715K [0x00000006e0000000, 0x0000000800000000)
  region size 4096K, 2 young (8192K), 2 survivors (8192K)
 Metaspace       used 203512K, committed 207552K, reserved 1228800K
  class space    used 26222K, committed 28160K, reserved 1048576K
}
Event: 4185.395 GC heap before
{Heap before GC invocations=126 (full 0):
 garbage-first heap   total 1134592K, used 468459K [0x00000006e0000000, 0x0000000800000000)
  region size 4096K, 42 young (172032K), 2 survivors (8192K)
 Metaspace       used 203609K, committed 207680K, reserved 1228800K
  class space    used 26227K, committed 28160K, reserved 1048576K
}

